This file contains any messages produced by compilers while
running configure, to aid debugging if configure makes a mistake.

It was created by configure, which was
generated by GNU Autoconf 2.69.  Invocation command line was

  $ ./configure 

## --------- ##
## Platform. ##
## --------- ##

hostname = pagliacci.cse.wustl.edu
uname -m = x86_64
uname -r = 3.10.0-327.28.2.el7.x86_64
uname -s = Linux
uname -v = #1 SMP Wed Aug 3 11:11:39 UTC 2016

/usr/bin/uname -p = x86_64
/bin/uname -X     = unknown

/bin/arch              = x86_64
/usr/bin/arch -k       = unknown
/usr/convex/getsysinfo = unknown
/usr/bin/hostinfo      = unknown
/bin/machine           = unknown
/usr/bin/oslevel       = unknown
/bin/universe          = unknown

PATH: /home/research/muhan/torch/install/bin
PATH: /cluster/cloud/sge/bin/linux-x64
PATH: /usr/lib64/qt-3.3/bin
PATH: /home/research/muhan/perl5/bin
PATH: /project/mlgroup/software/bin
PATH: /usr/lib64/ccache
PATH: /usr/local/bin
PATH: /usr/bin
PATH: /usr/local/sbin
PATH: /usr/sbin
PATH: /cluster/cloud/bin
PATH: /cluster/cloud/comsol/bin
PATH: /cluster/cloud/matlab/bin
PATH: /cluster/cloud/fluent_12/v120/fluent/bin
PATH: /cluster/cloud/fluent_12/Fluent.Inc/bin
PATH: /cluster/cloud/python-2.6.4/bin
PATH: /home/research/muhan/bin


## ----------- ##
## Core tests. ##
## ----------- ##

configure:2447: checking build system type
configure:2461: result: x86_64-pc-linux-gnu
configure:2481: checking host system type
configure:2494: result: x86_64-pc-linux-gnu
configure:2564: checking for gcc
configure:2580: found /project/mlgroup/software/bin/gcc
configure:2591: result: gcc
configure:2820: checking for C compiler version
configure:2829: gcc --version >&5
gcc (GCC) 4.8.3
Copyright (C) 2013 Free Software Foundation, Inc.
This is free software; see the source for copying conditions.  There is NO
warranty; not even for MERCHANTABILITY or FITNESS FOR A PARTICULAR PURPOSE.

configure:2840: $? = 0
configure:2829: gcc -v >&5
Using built-in specs.
COLLECT_GCC=gcc
COLLECT_LTO_WRAPPER=/research-projects/mlgroup/software-2014/bin/../libexec/gcc/x86_64-unknown-linux-gnu/4.8.3/lto-wrapper
Target: x86_64-unknown-linux-gnu
Configured with: ../gcc-4.8.3/configure --prefix=/project/mlgroup/software-2014 --enable-shared --enable-threads=posix --enable-__cxa_atexit --enable-clocale=gnu --disable-multilib --with-system-zlib --enable-languages=c,c++,objc,obj-c++,fortran
Thread model: posix
gcc version 4.8.3 (GCC) 
configure:2840: $? = 0
configure:2829: gcc -V >&5
gcc: error: unrecognized command line option '-V'
gcc: fatal error: no input files
compilation terminated.
configure:2840: $? = 1
configure:2829: gcc -qversion >&5
gcc: error: unrecognized command line option '-qversion'
gcc: fatal error: no input files
compilation terminated.
configure:2840: $? = 1
configure:2860: checking whether the C compiler works
configure:2882: gcc    conftest.c  >&5
configure:2886: $? = 0
configure:2934: result: yes
configure:2937: checking for C compiler default output file name
configure:2939: result: a.out
configure:2945: checking for suffix of executables
configure:2952: gcc -o conftest    conftest.c  >&5
configure:2956: $? = 0
configure:2978: result: 
configure:3000: checking whether we are cross compiling
configure:3008: gcc -o conftest    conftest.c  >&5
configure:3012: $? = 0
configure:3019: ./conftest
configure:3023: $? = 0
configure:3038: result: no
configure:3043: checking for suffix of object files
configure:3065: gcc -c   conftest.c >&5
configure:3069: $? = 0
configure:3090: result: o
configure:3094: checking whether we are using the GNU C compiler
configure:3113: gcc -c   conftest.c >&5
configure:3113: $? = 0
configure:3122: result: yes
configure:3131: checking whether gcc accepts -g
configure:3151: gcc -c -g  conftest.c >&5
configure:3151: $? = 0
configure:3192: result: yes
configure:3209: checking for gcc option to accept ISO C89
configure:3272: gcc  -c -g -O2  conftest.c >&5
configure:3272: $? = 0
configure:3285: result: none needed
configure:3315: checking for special C compiler options needed for large files
configure:3360: result: no
configure:3366: checking for _FILE_OFFSET_BITS value needed for large files
configure:3391: gcc -c   conftest.c >&5
configure:3391: $? = 0
configure:3423: result: no
configure:3574: checking if gcc supports -O4 -Werror flags
configure:3585: gcc -o conftest -O4 -Werror   conftest.c  >&5
conftest.c: In function 'main':
conftest.c:9:8: error: incompatible implicit declaration of built-in function 'exit' [-Werror]
 main(){exit(0);}
        ^
cc1: all warnings being treated as errors
configure:3585: $? = 1
configure: program exited with status 1
configure: failed program was:
| /* confdefs.h */
| #define PACKAGE_NAME ""
| #define PACKAGE_TARNAME ""
| #define PACKAGE_VERSION ""
| #define PACKAGE_STRING ""
| #define PACKAGE_BUGREPORT ""
| #define PACKAGE_URL ""
| /* end confdefs.h.  */
| main(){exit(0);}
configure:3595: result: no
configure:3603: checking if gcc supports -O3 flags
configure:3614: gcc -o conftest -O3   conftest.c  >&5
conftest.c: In function 'main':
conftest.c:9:8: warning: incompatible implicit declaration of built-in function 'exit' [enabled by default]
 main(){exit(0);}
        ^
configure:3614: $? = 0
configure:3614: ./conftest
configure:3614: $? = 0
configure:3624: result: yes
configure:4180: checking for sys/wait.h that is POSIX.1 compatible
configure:4206: gcc -c  -O3  conftest.c >&5
configure:4206: $? = 0
configure:4213: result: yes
configure:4226: checking how to run the C preprocessor
configure:4257: gcc -E  conftest.c
configure:4257: $? = 0
configure:4271: gcc -E  conftest.c
conftest.c:10:28: fatal error: ac_nonexistent.h: No such file or directory
 #include <ac_nonexistent.h>
                            ^
compilation terminated.
configure:4271: $? = 1
configure: failed program was:
| /* confdefs.h */
| #define PACKAGE_NAME ""
| #define PACKAGE_TARNAME ""
| #define PACKAGE_VERSION ""
| #define PACKAGE_STRING ""
| #define PACKAGE_BUGREPORT ""
| #define PACKAGE_URL ""
| #define HAVE_SYS_WAIT_H 1
| /* end confdefs.h.  */
| #include <ac_nonexistent.h>
configure:4296: result: gcc -E
configure:4316: gcc -E  conftest.c
configure:4316: $? = 0
configure:4330: gcc -E  conftest.c
conftest.c:10:28: fatal error: ac_nonexistent.h: No such file or directory
 #include <ac_nonexistent.h>
                            ^
compilation terminated.
configure:4330: $? = 1
configure: failed program was:
| /* confdefs.h */
| #define PACKAGE_NAME ""
| #define PACKAGE_TARNAME ""
| #define PACKAGE_VERSION ""
| #define PACKAGE_STRING ""
| #define PACKAGE_BUGREPORT ""
| #define PACKAGE_URL ""
| #define HAVE_SYS_WAIT_H 1
| /* end confdefs.h.  */
| #include <ac_nonexistent.h>
configure:4359: checking for grep that handles long lines and -e
configure:4417: result: /usr/bin/grep
configure:4422: checking for egrep
configure:4484: result: /usr/bin/grep -E
configure:4489: checking for ANSI C header files
configure:4509: gcc -c  -O3  conftest.c >&5
configure:4509: $? = 0
configure:4582: gcc -o conftest  -O3   conftest.c  >&5
configure:4582: $? = 0
configure:4582: ./conftest
configure:4582: $? = 0
configure:4593: result: yes
configure:4606: checking for sys/types.h
configure:4606: gcc -c  -O3  conftest.c >&5
configure:4606: $? = 0
configure:4606: result: yes
configure:4606: checking for sys/stat.h
configure:4606: gcc -c  -O3  conftest.c >&5
configure:4606: $? = 0
configure:4606: result: yes
configure:4606: checking for stdlib.h
configure:4606: gcc -c  -O3  conftest.c >&5
configure:4606: $? = 0
configure:4606: result: yes
configure:4606: checking for string.h
configure:4606: gcc -c  -O3  conftest.c >&5
configure:4606: $? = 0
configure:4606: result: yes
configure:4606: checking for memory.h
configure:4606: gcc -c  -O3  conftest.c >&5
configure:4606: $? = 0
configure:4606: result: yes
configure:4606: checking for strings.h
configure:4606: gcc -c  -O3  conftest.c >&5
configure:4606: $? = 0
configure:4606: result: yes
configure:4606: checking for inttypes.h
configure:4606: gcc -c  -O3  conftest.c >&5
configure:4606: $? = 0
configure:4606: result: yes
configure:4606: checking for stdint.h
configure:4606: gcc -c  -O3  conftest.c >&5
configure:4606: $? = 0
configure:4606: result: yes
configure:4606: checking for unistd.h
configure:4606: gcc -c  -O3  conftest.c >&5
configure:4606: $? = 0
configure:4606: result: yes
configure:4621: checking signal.h usability
configure:4621: gcc -c  -O3  conftest.c >&5
configure:4621: $? = 0
configure:4621: result: yes
configure:4621: checking signal.h presence
configure:4621: gcc -E  conftest.c
configure:4621: $? = 0
configure:4621: result: yes
configure:4621: checking for signal.h
configure:4621: result: yes
configure:4621: checking stddef.h usability
configure:4621: gcc -c  -O3  conftest.c >&5
configure:4621: $? = 0
configure:4621: result: yes
configure:4621: checking stddef.h presence
configure:4621: gcc -E  conftest.c
configure:4621: $? = 0
configure:4621: result: yes
configure:4621: checking for stddef.h
configure:4621: result: yes
configure:4621: checking for unistd.h
configure:4621: result: yes
configure:4621: checking for sys/types.h
configure:4621: result: yes
configure:4621: checking for sys/wait.h
configure:4621: result: yes
configure:4621: checking for stdlib.h
configure:4621: result: yes
configure:4621: checking for string.h
configure:4621: result: yes
configure:4621: checking errno.h usability
configure:4621: gcc -c  -O3  conftest.c >&5
configure:4621: $? = 0
configure:4621: result: yes
configure:4621: checking errno.h presence
configure:4621: gcc -E  conftest.c
configure:4621: $? = 0
configure:4621: result: yes
configure:4621: checking for errno.h
configure:4621: result: yes
configure:4621: checking pthread.h usability
configure:4621: gcc -c  -O3  conftest.c >&5
configure:4621: $? = 0
configure:4621: result: yes
configure:4621: checking pthread.h presence
configure:4621: gcc -E  conftest.c
configure:4621: $? = 0
configure:4621: result: yes
configure:4621: checking for pthread.h
configure:4621: result: yes
configure:4686: checking for pid_t
configure:4686: gcc -c  -O3  conftest.c >&5
configure:4686: $? = 0
configure:4686: gcc -c  -O3  conftest.c >&5
conftest.c: In function 'main':
conftest.c:65:20: error: expected expression before ')' token
 if (sizeof ((pid_t)))
                    ^
configure:4686: $? = 1
configure: failed program was:
| /* confdefs.h */
| #define PACKAGE_NAME ""
| #define PACKAGE_TARNAME ""
| #define PACKAGE_VERSION ""
| #define PACKAGE_STRING ""
| #define PACKAGE_BUGREPORT ""
| #define PACKAGE_URL ""
| #define HAVE_SYS_WAIT_H 1
| #define STDC_HEADERS 1
| #define HAVE_SYS_TYPES_H 1
| #define HAVE_SYS_STAT_H 1
| #define HAVE_STDLIB_H 1
| #define HAVE_STRING_H 1
| #define HAVE_MEMORY_H 1
| #define HAVE_STRINGS_H 1
| #define HAVE_INTTYPES_H 1
| #define HAVE_STDINT_H 1
| #define HAVE_UNISTD_H 1
| #define HAVE_SIGNAL_H 1
| #define HAVE_STDDEF_H 1
| #define HAVE_UNISTD_H 1
| #define HAVE_SYS_TYPES_H 1
| #define HAVE_SYS_WAIT_H 1
| #define HAVE_STDLIB_H 1
| #define HAVE_STRING_H 1
| #define HAVE_ERRNO_H 1
| #define HAVE_PTHREAD_H 1
| /* end confdefs.h.  */
| #include <stdio.h>
| #ifdef HAVE_SYS_TYPES_H
| # include <sys/types.h>
| #endif
| #ifdef HAVE_SYS_STAT_H
| # include <sys/stat.h>
| #endif
| #ifdef STDC_HEADERS
| # include <stdlib.h>
| # include <stddef.h>
| #else
| # ifdef HAVE_STDLIB_H
| #  include <stdlib.h>
| # endif
| #endif
| #ifdef HAVE_STRING_H
| # if !defined STDC_HEADERS && defined HAVE_MEMORY_H
| #  include <memory.h>
| # endif
| # include <string.h>
| #endif
| #ifdef HAVE_STRINGS_H
| # include <strings.h>
| #endif
| #ifdef HAVE_INTTYPES_H
| # include <inttypes.h>
| #endif
| #ifdef HAVE_STDINT_H
| # include <stdint.h>
| #endif
| #ifdef HAVE_UNISTD_H
| # include <unistd.h>
| #endif
| int
| main ()
| {
| if (sizeof ((pid_t)))
| 	    return 0;
|   ;
|   return 0;
| }
configure:4686: result: yes
configure:4704: checking if malloc is declared in stdlib.h or malloc.h
configure:4735: result: 1
configure:4738: checking if ftell is declared in stdio.h
configure:4754: result: 1
configure:4757: checking if fdopen is declared in stdio.h
configure:4773: result: 1
configure:4776: checking if popen is declared in stdio.h
configure:4792: result: 1
configure:4795: checking if putenv is declared in stdlib.h
configure:4811: result: 1
configure:4814: checking if setenv is declared in stdlib.h
configure:4830: result: 1
configure:4833: checking if INFINITY is declared in math.h
configure:4853: result: 1
configure:4860: checking size of int
configure:4865: gcc -o conftest  -O3   conftest.c  >&5
configure:4865: $? = 0
configure:4865: ./conftest
configure:4865: $? = 0
configure:4879: result: 4
configure:4894: checking size of long
configure:4899: gcc -o conftest  -O3   conftest.c  >&5
configure:4899: $? = 0
configure:4899: ./conftest
configure:4899: $? = 0
configure:4913: result: 8
configure:4928: checking size of long long
configure:4933: gcc -o conftest  -O3   conftest.c  >&5
configure:4933: $? = 0
configure:4933: ./conftest
configure:4933: $? = 0
configure:4947: result: 8
configure:4962: checking size of __int128_t
configure:4967: gcc -o conftest  -O3   conftest.c  >&5
configure:4967: $? = 0
configure:4967: ./conftest
configure:4967: $? = 0
configure:4981: result: 16
configure:5007: checking for an ANSI C-conforming const
configure:5073: gcc -c  -O3  conftest.c >&5
configure:5073: $? = 0
configure:5080: result: yes
configure:5095: checking for isatty
configure:5095: gcc -o conftest  -O3   conftest.c  >&5
configure:5095: $? = 0
configure:5095: result: yes
configure:5103: checking for time
configure:5103: gcc -o conftest  -O3   conftest.c  >&5
configure:5103: $? = 0
configure:5103: result: yes
configure:5111: checking for gettimeofday
configure:5111: gcc -o conftest  -O3   conftest.c  >&5
configure:5111: $? = 0
configure:5111: result: yes
configure:5119: checking for times
configure:5119: gcc -o conftest  -O3   conftest.c  >&5
configure:5119: $? = 0
configure:5119: result: yes
configure:5127: checking for getrusage
configure:5127: gcc -o conftest  -O3   conftest.c  >&5
configure:5127: $? = 0
configure:5127: result: yes
configure:5135: checking for perror
configure:5135: gcc -o conftest  -O3   conftest.c  >&5
configure:5135: $? = 0
configure:5135: result: yes
configure:5143: checking for pipe
configure:5143: gcc -o conftest  -O3   conftest.c  >&5
configure:5143: $? = 0
configure:5143: result: yes
configure:5151: checking for wait
configure:5151: gcc -o conftest  -O3   conftest.c  >&5
configure:5151: $? = 0
configure:5151: result: yes
configure:5159: checking for popen
configure:5159: gcc -o conftest  -O3   conftest.c  >&5
configure:5159: $? = 0
configure:5159: result: yes
configure:5167: checking for putenv
configure:5167: gcc -o conftest  -O3   conftest.c  >&5
configure:5167: $? = 0
configure:5167: result: yes
configure:5175: checking for setenv
configure:5175: gcc -o conftest  -O3   conftest.c  >&5
configure:5175: $? = 0
configure:5175: result: yes
configure:5185: checking vfork.h usability
configure:5185: gcc -c  -O3  conftest.c >&5
conftest.c:66:19: fatal error: vfork.h: No such file or directory
 #include <vfork.h>
                   ^
compilation terminated.
configure:5185: $? = 1
configure: failed program was:
| /* confdefs.h */
| #define PACKAGE_NAME ""
| #define PACKAGE_TARNAME ""
| #define PACKAGE_VERSION ""
| #define PACKAGE_STRING ""
| #define PACKAGE_BUGREPORT ""
| #define PACKAGE_URL ""
| #define HAVE_SYS_WAIT_H 1
| #define STDC_HEADERS 1
| #define HAVE_SYS_TYPES_H 1
| #define HAVE_SYS_STAT_H 1
| #define HAVE_STDLIB_H 1
| #define HAVE_STRING_H 1
| #define HAVE_MEMORY_H 1
| #define HAVE_STRINGS_H 1
| #define HAVE_INTTYPES_H 1
| #define HAVE_STDINT_H 1
| #define HAVE_UNISTD_H 1
| #define HAVE_SIGNAL_H 1
| #define HAVE_STDDEF_H 1
| #define HAVE_UNISTD_H 1
| #define HAVE_SYS_TYPES_H 1
| #define HAVE_SYS_WAIT_H 1
| #define HAVE_STDLIB_H 1
| #define HAVE_STRING_H 1
| #define HAVE_ERRNO_H 1
| #define HAVE_PTHREAD_H 1
| #define SIZEOF_INT 4
| #define SIZEOF_LONG 8
| #define SIZEOF_LONG_LONG 8
| #define SIZEOF___INT128_T 16
| /* end confdefs.h.  */
| #include <stdio.h>
| #ifdef HAVE_SYS_TYPES_H
| # include <sys/types.h>
| #endif
| #ifdef HAVE_SYS_STAT_H
| # include <sys/stat.h>
| #endif
| #ifdef STDC_HEADERS
| # include <stdlib.h>
| # include <stddef.h>
| #else
| # ifdef HAVE_STDLIB_H
| #  include <stdlib.h>
| # endif
| #endif
| #ifdef HAVE_STRING_H
| # if !defined STDC_HEADERS && defined HAVE_MEMORY_H
| #  include <memory.h>
| # endif
| # include <string.h>
| #endif
| #ifdef HAVE_STRINGS_H
| # include <strings.h>
| #endif
| #ifdef HAVE_INTTYPES_H
| # include <inttypes.h>
| #endif
| #ifdef HAVE_STDINT_H
| # include <stdint.h>
| #endif
| #ifdef HAVE_UNISTD_H
| # include <unistd.h>
| #endif
| #include <vfork.h>
configure:5185: result: no
configure:5185: checking vfork.h presence
configure:5185: gcc -E  conftest.c
conftest.c:33:19: fatal error: vfork.h: No such file or directory
 #include <vfork.h>
                   ^
compilation terminated.
configure:5185: $? = 1
configure: failed program was:
| /* confdefs.h */
| #define PACKAGE_NAME ""
| #define PACKAGE_TARNAME ""
| #define PACKAGE_VERSION ""
| #define PACKAGE_STRING ""
| #define PACKAGE_BUGREPORT ""
| #define PACKAGE_URL ""
| #define HAVE_SYS_WAIT_H 1
| #define STDC_HEADERS 1
| #define HAVE_SYS_TYPES_H 1
| #define HAVE_SYS_STAT_H 1
| #define HAVE_STDLIB_H 1
| #define HAVE_STRING_H 1
| #define HAVE_MEMORY_H 1
| #define HAVE_STRINGS_H 1
| #define HAVE_INTTYPES_H 1
| #define HAVE_STDINT_H 1
| #define HAVE_UNISTD_H 1
| #define HAVE_SIGNAL_H 1
| #define HAVE_STDDEF_H 1
| #define HAVE_UNISTD_H 1
| #define HAVE_SYS_TYPES_H 1
| #define HAVE_SYS_WAIT_H 1
| #define HAVE_STDLIB_H 1
| #define HAVE_STRING_H 1
| #define HAVE_ERRNO_H 1
| #define HAVE_PTHREAD_H 1
| #define SIZEOF_INT 4
| #define SIZEOF_LONG 8
| #define SIZEOF_LONG_LONG 8
| #define SIZEOF___INT128_T 16
| /* end confdefs.h.  */
| #include <vfork.h>
configure:5185: result: no
configure:5185: checking for vfork.h
configure:5185: result: no
configure:5198: checking for fork
configure:5198: gcc -o conftest  -O3   conftest.c  >&5
conftest.c:56:6: warning: conflicting types for built-in function 'fork' [enabled by default]
 char fork ();
      ^
configure:5198: $? = 0
configure:5198: result: yes
configure:5198: checking for vfork
configure:5198: gcc -o conftest  -O3   conftest.c  >&5
configure:5198: $? = 0
configure:5198: result: yes
configure:5208: checking for working fork
configure:5230: gcc -o conftest  -O3   conftest.c  >&5
configure:5230: $? = 0
configure:5230: ./conftest
configure:5230: $? = 0
configure:5240: result: yes
configure:5261: checking for working vfork
configure:5371: result: yes
configure:5403: checking for fseeko
configure:5403: gcc -o conftest  -O3   conftest.c  >&5
configure:5403: $? = 0
configure:5403: result: yes
configure:5411: checking for sigaction
configure:5411: gcc -o conftest  -O3   conftest.c  >&5
configure:5411: $? = 0
configure:5411: result: yes
configure:5419: checking for sigprocmask
configure:5419: gcc -o conftest  -O3   conftest.c  >&5
configure:5419: $? = 0
configure:5419: result: yes
configure:5429: checking if popcnt instruction is available and requested
configure:5451: result: 1
configure:5502: checking if __builtin_popcount() is supported
configure:5508: gcc -o conftest  -O3 -mpopcnt   conftest.c  >&5
configure:5508: $? = 0
configure:5515: result: 1
configure:5517: checking if __builtin_popcountl() is supported
configure:5523: gcc -o conftest  -O3 -mpopcnt   conftest.c  >&5
configure:5523: $? = 0
configure:5530: result: 1
configure:5532: checking if __builtin_popcountll() is supported
configure:5538: gcc -o conftest  -O3 -mpopcnt   conftest.c  >&5
configure:5538: $? = 0
configure:5545: result: 1
configure:5571: checking if __builtin_clz() is supported
configure:5577: gcc -o conftest  -O3   conftest.c  >&5
configure:5577: $? = 0
configure:5584: result: 1
configure:5586: checking if __builtin_clzl() is supported
configure:5592: gcc -o conftest  -O3   conftest.c  >&5
configure:5592: $? = 0
configure:5599: result: 1
configure:5601: checking if __builtin_clzll() is supported
configure:5607: gcc -o conftest  -O3   conftest.c  >&5
configure:5607: $? = 0
configure:5614: result: 1
configure:5628: checking for pthread_create
configure:5628: gcc -o conftest  -O3   conftest.c  >&5
/tmp/ccQNGa55.o: In function `main':
conftest.c:(.text.startup+0x7): undefined reference to `pthread_create'
collect2: error: ld returned 1 exit status
configure:5628: $? = 1
configure: failed program was:
| /* confdefs.h */
| #define PACKAGE_NAME ""
| #define PACKAGE_TARNAME ""
| #define PACKAGE_VERSION ""
| #define PACKAGE_STRING ""
| #define PACKAGE_BUGREPORT ""
| #define PACKAGE_URL ""
| #define HAVE_SYS_WAIT_H 1
| #define STDC_HEADERS 1
| #define HAVE_SYS_TYPES_H 1
| #define HAVE_SYS_STAT_H 1
| #define HAVE_STDLIB_H 1
| #define HAVE_STRING_H 1
| #define HAVE_MEMORY_H 1
| #define HAVE_STRINGS_H 1
| #define HAVE_INTTYPES_H 1
| #define HAVE_STDINT_H 1
| #define HAVE_UNISTD_H 1
| #define HAVE_SIGNAL_H 1
| #define HAVE_STDDEF_H 1
| #define HAVE_UNISTD_H 1
| #define HAVE_SYS_TYPES_H 1
| #define HAVE_SYS_WAIT_H 1
| #define HAVE_STDLIB_H 1
| #define HAVE_STRING_H 1
| #define HAVE_ERRNO_H 1
| #define HAVE_PTHREAD_H 1
| #define SIZEOF_INT 4
| #define SIZEOF_LONG 8
| #define SIZEOF_LONG_LONG 8
| #define SIZEOF___INT128_T 16
| #define HAVE_FORK 1
| #define HAVE_VFORK 1
| #define HAVE_WORKING_VFORK 1
| #define HAVE_WORKING_FORK 1
| /* end confdefs.h.  */
| /* Define pthread_create to an innocuous variant, in case <limits.h> declares pthread_create.
|    For example, HP-UX 11i <limits.h> declares gettimeofday.  */
| #define pthread_create innocuous_pthread_create
| 
| /* System header to define __stub macros and hopefully few prototypes,
|     which can conflict with char pthread_create (); below.
|     Prefer <limits.h> to <assert.h> if __STDC__ is defined, since
|     <limits.h> exists even on freestanding compilers.  */
| 
| #ifdef __STDC__
| # include <limits.h>
| #else
| # include <assert.h>
| #endif
| 
| #undef pthread_create
| 
| /* Override any GCC internal prototype to avoid an error.
|    Use char because int might match the return type of a GCC
|    builtin and then its argument prototype would still apply.  */
| #ifdef __cplusplus
| extern "C"
| #endif
| char pthread_create ();
| /* The GNU C library defines this for functions which it implements
|     to always fail with ENOSYS.  Some functions are actually named
|     something starting with __ and the normal name is an alias.  */
| #if defined __stub_pthread_create || defined __stub___pthread_create
| choke me
| #endif
| 
| int
| main ()
| {
| return pthread_create ();
|   ;
|   return 0;
| }
configure:5628: result: no
configure:5639: checking for pthread_create in -lpthread
configure:5664: gcc -o conftest  -O3   conftest.c -lpthread   >&5
configure:5664: $? = 0
configure:5673: result: yes
configure:5701: checking for getc_unlocked
configure:5701: gcc -o conftest  -O3   conftest.c  >&5
configure:5701: $? = 0
configure:5701: result: yes
configure:5708: checking for flockfile
configure:5708: gcc -o conftest  -O3   conftest.c  >&5
configure:5708: $? = 0
configure:5708: result: yes
configure:5893: checking for gsort
configure:5923: result: no
configure:5893: checking for sort
configure:5909: found /usr/bin/sort
configure:5920: result: sort
configure:5934: checking if sort supports the -k switch
configure:5942: result: 1
configure:6100: creating ./config.status

## ---------------------- ##
## Running config.status. ##
## ---------------------- ##

This file was extended by config.status, which was
generated by GNU Autoconf 2.69.  Invocation command line was

  CONFIG_FILES    = 
  CONFIG_HEADERS  = 
  CONFIG_LINKS    = 
  CONFIG_COMMANDS = 
  $ ./config.status 

on pagliacci.cse.wustl.edu

config.status:798: creating makefile
config.status:798: creating nauty.h
config.status:798: creating naututil.h
config.status:798: creating gtools.h

## ---------------- ##
## Cache variables. ##
## ---------------- ##

ac_cv_build=x86_64-pc-linux-gnu
ac_cv_c_compiler_gnu=yes
ac_cv_c_const=yes
ac_cv_env_CC_set=
ac_cv_env_CC_value=
ac_cv_env_CFLAGS_set=
ac_cv_env_CFLAGS_value=
ac_cv_env_CPPFLAGS_set=
ac_cv_env_CPPFLAGS_value=
ac_cv_env_CPP_set=
ac_cv_env_CPP_value=
ac_cv_env_LDFLAGS_set=
ac_cv_env_LDFLAGS_value=
ac_cv_env_LIBS_set=
ac_cv_env_LIBS_value=
ac_cv_env_build_alias_set=
ac_cv_env_build_alias_value=
ac_cv_env_host_alias_set=
ac_cv_env_host_alias_value=
ac_cv_env_target_alias_set=
ac_cv_env_target_alias_value=
ac_cv_func_flockfile=yes
ac_cv_func_fork=yes
ac_cv_func_fork_works=yes
ac_cv_func_fseeko=yes
ac_cv_func_getc_unlocked=yes
ac_cv_func_getrusage=yes
ac_cv_func_gettimeofday=yes
ac_cv_func_isatty=yes
ac_cv_func_perror=yes
ac_cv_func_pipe=yes
ac_cv_func_popen=yes
ac_cv_func_pthread_create=no
ac_cv_func_putenv=yes
ac_cv_func_setenv=yes
ac_cv_func_sigaction=yes
ac_cv_func_sigprocmask=yes
ac_cv_func_time=yes
ac_cv_func_times=yes
ac_cv_func_vfork=yes
ac_cv_func_vfork_works=yes
ac_cv_func_wait=yes
ac_cv_header_errno_h=yes
ac_cv_header_inttypes_h=yes
ac_cv_header_memory_h=yes
ac_cv_header_pthread_h=yes
ac_cv_header_signal_h=yes
ac_cv_header_stdc=yes
ac_cv_header_stddef_h=yes
ac_cv_header_stdint_h=yes
ac_cv_header_stdlib_h=yes
ac_cv_header_string_h=yes
ac_cv_header_strings_h=yes
ac_cv_header_sys_stat_h=yes
ac_cv_header_sys_types_h=yes
ac_cv_header_sys_wait_h=yes
ac_cv_header_unistd_h=yes
ac_cv_header_vfork_h=no
ac_cv_host=x86_64-pc-linux-gnu
ac_cv_lib_pthread_pthread_create=yes
ac_cv_objext=o
ac_cv_path_EGREP='/usr/bin/grep -E'
ac_cv_path_GREP=/usr/bin/grep
ac_cv_prog_CPP='gcc -E'
ac_cv_prog_ac_ct_CC=gcc
ac_cv_prog_cc_c89=
ac_cv_prog_cc_g=yes
ac_cv_prog_sort_prog=sort
ac_cv_sizeof___int128_t=16
ac_cv_sizeof_int=4
ac_cv_sizeof_long=8
ac_cv_sizeof_long_long=8
ac_cv_sys_file_offset_bits=0
ac_cv_sys_largefile_CC=no
ac_cv_tls=
ac_cv_try_cflags_ok=yes
ac_cv_type_pid_t=yes

## ----------------- ##
## Output variables. ##
## ----------------- ##

CC='gcc'
CFLAGS=' -O3'
CPP='gcc -E'
CPPFLAGS=''
DEFS='-DPACKAGE_NAME=\"\" -DPACKAGE_TARNAME=\"\" -DPACKAGE_VERSION=\"\" -DPACKAGE_STRING=\"\" -DPACKAGE_BUGREPORT=\"\" -DPACKAGE_URL=\"\" -DHAVE_SYS_WAIT_H=1 -DSTDC_HEADERS=1 -DHAVE_SYS_TYPES_H=1 -DHAVE_SYS_STAT_H=1 -DHAVE_STDLIB_H=1 -DHAVE_STRING_H=1 -DHAVE_MEMORY_H=1 -DHAVE_STRINGS_H=1 -DHAVE_INTTYPES_H=1 -DHAVE_STDINT_H=1 -DHAVE_UNISTD_H=1 -DHAVE_SIGNAL_H=1 -DHAVE_STDDEF_H=1 -DHAVE_UNISTD_H=1 -DHAVE_SYS_TYPES_H=1 -DHAVE_SYS_WAIT_H=1 -DHAVE_STDLIB_H=1 -DHAVE_STRING_H=1 -DHAVE_ERRNO_H=1 -DHAVE_PTHREAD_H=1 -DSIZEOF_INT=4 -DSIZEOF_LONG=8 -DSIZEOF_LONG_LONG=8 -DSIZEOF___INT128_T=16 -DHAVE_FORK=1 -DHAVE_VFORK=1 -DHAVE_WORKING_VFORK=1 -DHAVE_WORKING_FORK=1'
ECHO_C=''
ECHO_N='-n'
ECHO_T=''
EGREP='/usr/bin/grep -E'
EXEEXT=''
GREP='/usr/bin/grep'
LDFLAGS=''
LIBOBJS=''
LIBS=''
LTLIBOBJS=''
MORECFLAGS=' -mpopcnt'
OBJEXT='o'
PACKAGE_BUGREPORT=''
PACKAGE_NAME=''
PACKAGE_STRING=''
PACKAGE_TARNAME=''
PACKAGE_URL=''
PACKAGE_VERSION=''
PATH_SEPARATOR=':'
SHELL='/bin/sh'
ac_ct_CC='gcc'
ac_cv_sizeof___int128_t='16'
ac_cv_sizeof_int='4'
ac_cv_sizeof_long='8'
ac_cv_sizeof_long_long='8'
ac_cv_sys_file_offset_bits='0'
ac_cv_tls=''
allow_interrupt='1'
bindir='${exec_prefix}/bin'
build='x86_64-pc-linux-gnu'
build_alias=''
build_cpu='x86_64'
build_os='linux-gnu'
build_vendor='pc'
datadir='${datarootdir}'
datarootdir='${prefix}/share'
default_wordsize='0'
docdir='${datarootdir}/doc/${PACKAGE}'
dvidir='${docdir}'
edit_msg='++++++ This file is automatically generated, don'\''t edit it by hand! ++++++'
exec_prefix='${prefix}'
fdopen_dec='1'
ftell_dec='1'
has_math_inf='1'
have_ansicontrols='0'
have_clz='1'
have_clzl='1'
have_clzll='1'
have_const='1'
have_fork='1'
have_fseeko='1'
have_getrusage='1'
have_gettimeofday='1'
have_hwpopcnt='1'
have_isatty='1'
have_mmpop32='0'
have_mmpop64='0'
have_perror='1'
have_pid_t='1'
have_pipe='1'
have_popcnt='1'
have_popcntl='1'
have_popcntll='1'
have_popen='1'
have_pthread='1'
have_putenv='1'
have_setenv='1'
have_sigaction='1'
have_sigprocmask='1'
have_time='1'
have_times='1'
have_tls='0'
have_wait='1'
header_errno_h='1'
header_pthread_h='1'
header_signal_h='1'
header_stddef_h='1'
header_stdlib_h='1'
header_string_h='1'
header_sys_types_h='1'
header_sys_wait_h='1'
header_unistd_h='1'
host='x86_64-pc-linux-gnu'
host_alias=''
host_cpu='x86_64'
host_os='linux-gnu'
host_vendor='pc'
htmldir='${docdir}'
includedir='${prefix}/include'
infodir='${datarootdir}/info'
libdir='${exec_prefix}/lib'
libexecdir='${exec_prefix}/libexec'
localedir='${datarootdir}/locale'
localstatedir='${prefix}/var'
lok='1'
malloc_dec='1'
mandir='${datarootdir}/man'
oldincludedir='/usr/include'
pdfdir='${docdir}'
popen_dec='1'
prefix='/usr/local'
program_transform_name='s,x,x,'
psdir='${docdir}'
putenv_dec='1'
sbindir='${exec_prefix}/sbin'
setenv_dec='1'
sharedstatedir='${prefix}/com'
shortg_or_null='shortg'
sort_newparams_ok='1'
sort_prog='sort'
stdio_nolock='1'
sysconfdir='${prefix}/etc'
target_alias=''
testprogs='dreadtest dreadtestS dreadtestS1 dreadtest4K dreadtest1 dreadtestW dreadtestW1 dreadtestL1 dreadtestL'
threadlib='-lpthread'

## ----------- ##
## confdefs.h. ##
## ----------- ##

/* confdefs.h */
#define PACKAGE_NAME ""
#define PACKAGE_TARNAME ""
#define PACKAGE_VERSION ""
#define PACKAGE_STRING ""
#define PACKAGE_BUGREPORT ""
#define PACKAGE_URL ""
#define HAVE_SYS_WAIT_H 1
#define STDC_HEADERS 1
#define HAVE_SYS_TYPES_H 1
#define HAVE_SYS_STAT_H 1
#define HAVE_STDLIB_H 1
#define HAVE_STRING_H 1
#define HAVE_MEMORY_H 1
#define HAVE_STRINGS_H 1
#define HAVE_INTTYPES_H 1
#define HAVE_STDINT_H 1
#define HAVE_UNISTD_H 1
#define HAVE_SIGNAL_H 1
#define HAVE_STDDEF_H 1
#define HAVE_UNISTD_H 1
#define HAVE_SYS_TYPES_H 1
#define HAVE_SYS_WAIT_H 1
#define HAVE_STDLIB_H 1
#define HAVE_STRING_H 1
#define HAVE_ERRNO_H 1
#define HAVE_PTHREAD_H 1
#define SIZEOF_INT 4
#define SIZEOF_LONG 8
#define SIZEOF_LONG_LONG 8
#define SIZEOF___INT128_T 16
#define HAVE_FORK 1
#define HAVE_VFORK 1
#define HAVE_WORKING_VFORK 1
#define HAVE_WORKING_FORK 1

configure: exit 0
